0 info it worked if it ends with ok
1 verbose cli [ 'node', '/usr/local/bin/npm', 'uninstall', 'npm', '-g' ]
2 info using npm@1.2.0
3 info using node@v0.8.17
4 info /usr/local/lib/node_modules/npm unbuild
5 verbose read json /usr/local/lib/node_modules/npm/package.json
6 info preuninstall npm@1.2.0
7 info uninstall npm@1.2.0
8 verbose true,/usr/local/lib/node_modules,/usr/local/lib/node_modules unbuild npm@1.2.0
9 verbose /usr/local/bin,[object Object] binRoot
10 info postuninstall npm@1.2.0
11 error Error: EACCES, unlink '/usr/local/lib/node_modules/npm'
11 error  { [Error: EACCES, unlink '/usr/local/lib/node_modules/npm']
11 error   errno: 3,
11 error   code: 'EACCES',
11 error   path: '/usr/local/lib/node_modules/npm' }
12 error Please try running this command again as root/Administrator.
13 error System Darwin 13.0.0
14 error command "node" "/usr/local/bin/npm" "uninstall" "npm" "-g"
15 error cwd /Users/james/git/github-pulls-viewer
16 error node -v v0.8.17
17 error npm -v 1.2.0
18 error path /usr/local/lib/node_modules/npm
19 error code EACCES
20 error errno 3
21 error stack Error: EACCES, unlink '/usr/local/lib/node_modules/npm'
22 verbose exit [ 3, true ]
